<?xml version="1.0" encoding="UTF-8"?>
<!-- Generated by org.testng.reporters.JUnitXMLReporter -->
<testsuite ignored="0" hostname="Shadow" failures="0" tests="11" name="CarInsuranceErrorMessageTest" time="24.136" errors="0" timestamp="2021-06-29T16:44:45 IST">
  <testcase classname="testcases.CarInsuranceErrorMessageTest" name="clickCarInsuranceTest" time="3.526"/>
  <testcase classname="testcases.CarInsuranceErrorMessageTest" name="clickProceedButtonTest" time="1.61"/>
  <testcase classname="testcases.CarInsuranceErrorMessageTest" name="selectCityTest" time="1.251"/>
  <testcase classname="testcases.CarInsuranceErrorMessageTest" name="selectCarBrandTest" time="0.449"/>
  <testcase classname="testcases.CarInsuranceErrorMessageTest" name="selectCarModelTest" time="0.362"/>
  <testcase classname="testcases.CarInsuranceErrorMessageTest" name="chooseFuelTypeTest" time="0.436"/>
  <testcase classname="testcases.CarInsuranceErrorMessageTest" name="selectCarVariantTest" time="0.637"/>
  <testcase classname="testcases.CarInsuranceErrorMessageTest" name="selectYearTest" time="0.187"/>
  <testcase classname="testcases.CarInsuranceErrorMessageTest" name="fillDetailsTest" time="0.032"/>
  <testcase classname="testcases.CarInsuranceErrorMessageTest" name="takeScreenshotTest" time="1.449"/>
  <testcase classname="testcases.CarInsuranceErrorMessageTest" name="nullvalue" time="9.881"/>
</testsuite> <!-- CarInsuranceErrorMessageTest -->
