<?xml version="1.0" encoding="UTF-8"?>
<!-- Generated by org.testng.reporters.JUnitXMLReporter -->
<testsuite ignored="0" hostname="Shadow" failures="0" tests="14" name="Surefire test" time="38.531" errors="0" timestamp="2021-07-02T15:14:48 IST">
  <testcase classname="testcases.CarInsuranceErrorMessageTest" name="clickCarInsuranceTest" time="0.908"/>
  <testcase classname="testcases.CarInsuranceErrorMessageTest" name="clickProceedButtonTest" time="2.206"/>
  <testcase classname="testcases.CarInsuranceErrorMessageTest" name="selectCityTest" time="1.29"/>
  <testcase classname="testcases.CarInsuranceErrorMessageTest" name="selectCarBrandTest" time="0.405"/>
  <testcase classname="testcases.CarInsuranceErrorMessageTest" name="selectCarModelTest" time="0.255"/>
  <testcase classname="testcases.CarInsuranceErrorMessageTest" name="chooseFuelTypeTest" time="0.379"/>
  <testcase classname="testcases.CarInsuranceErrorMessageTest" name="selectCarVariantTest" time="0.216"/>
  <testcase classname="testcases.CarInsuranceErrorMessageTest" name="selectYearTest" time="0.229"/>
  <testcase classname="testcases.CarInsuranceErrorMessageTest" name="fillDetailsTest" time="0.621"/>
  <testcase classname="testcases.CarInsuranceErrorMessageTest" name="takeScreenshotTest" time="1.842"/>
  <testcase classname="testcases.CarInsuranceErrorMessageTest" name="nullvalue" time="5.526"/>
  <testcase classname="testcases.HealthInsuranceMenuItemsTest" name="listValuesTest" time="1.395"/>
  <testcase classname="testcases.TravelInsuranceDetailsTest" name="homePageTitle" time="2.343"/>
  <testcase classname="testcases.TravelInsuranceDetailsTest" name="getStudentTravelInsurance" time="14.679"/>
</testsuite> <!-- Surefire test -->
