<?xml version="1.0" encoding="UTF-8"?>
<testsuite xmlns:xsi="http://www.w3.org/2001/XMLSchema-instance" xsi:noNamespaceSchemaLocation="https://maven.apache.org/surefire/maven-surefire-plugin/xsd/surefire-test-report.xsd" name="TestSuite" time="74.257" tests="14" errors="0" skipped="0" failures="0">
  <properties>
[...]
</properties>
  <testcase name="clickCarInsuranceTest" classname="testcases.CarInsuranceErrorMessageTest" time="1.005"/>
  <testcase name="clickProceedButtonTest" classname="testcases.CarInsuranceErrorMessageTest" time="2.205"/>
  <testcase name="selectCityTest" classname="testcases.CarInsuranceErrorMessageTest" time="1.296"/>
  <testcase name="selectCarBrandTest" classname="testcases.CarInsuranceErrorMessageTest" time="0.406"/>
  <testcase name="selectCarModelTest" classname="testcases.CarInsuranceErrorMessageTest" time="0.256"/>
  <testcase name="chooseFuelTypeTest" classname="testcases.CarInsuranceErrorMessageTest" time="0.379"/>
  <testcase name="selectCarVariantTest" classname="testcases.CarInsuranceErrorMessageTest" time="0.216"/>
  <testcase name="selectYearTest" classname="testcases.CarInsuranceErrorMessageTest" time="0.23"/>
  <testcase name="fillDetailsTest" classname="testcases.CarInsuranceErrorMessageTest" time="0.662"/>
  <testcase name="takeScreenshotTest" classname="testcases.CarInsuranceErrorMessageTest" time="1.843"/>
  <testcase name="nullvalue" classname="testcases.CarInsuranceErrorMessageTest" time="5.545"/>
  <testcase name="listValuesTest" classname="testcases.HealthInsuranceMenuItemsTest" time="1.391"/>
  <testcase name="homePageTitle" classname="testcases.TravelInsuranceDetailsTest" time="2.344"/>
  <testcase name="getStudentTravelInsurance" classname="testcases.TravelInsuranceDetailsTest" time="14.679"/>
</testsuite>