<?xml version="1.0" encoding="UTF-8"?>
<testng-results ignored="0" total="2" passed="2" failed="0" skipped="0">
  <reporter-output>
  </reporter-output>
  <suite started-at="2021-07-02T14:44:13 IST" name="Default suite" finished-at="2021-07-02T14:44:31 IST" duration-ms="17796">
    <groups>
      <group name="Regression">
        <method signature="TravelInsuranceDetailsTest.checkExcelData(java.lang.String,java.lang.String,java.lang.String,java.lang.String,java.lang.String,java.lang.String)[pri:2, instance:testcases.TravelInsuranceDetailsTest@e077866]" name="checkExcelData" class="testcases.TravelInsuranceDetailsTest"/>
        <method signature="TravelInsuranceDetailsTest.homePageTitle()[pri:1, instance:testcases.TravelInsuranceDetailsTest@e077866]" name="homePageTitle" class="testcases.TravelInsuranceDetailsTest"/>
      </group> <!-- Regression -->
      <group name="Smoke">
        <method signature="TravelInsuranceDetailsTest.homePageTitle()[pri:1, instance:testcases.TravelInsuranceDetailsTest@e077866]" name="homePageTitle" class="testcases.TravelInsuranceDetailsTest"/>
      </group> <!-- Smoke -->
      <group name="Default">
        <method signature="TravelInsuranceDetailsTest.checkExcelData(java.lang.String,java.lang.String,java.lang.String,java.lang.String,java.lang.String,java.lang.String)[pri:2, instance:testcases.TravelInsuranceDetailsTest@e077866]" name="checkExcelData" class="testcases.TravelInsuranceDetailsTest"/>
        <method signature="TravelInsuranceDetailsTest.homePageTitle()[pri:1, instance:testcases.TravelInsuranceDetailsTest@e077866]" name="homePageTitle" class="testcases.TravelInsuranceDetailsTest"/>
      </group> <!-- Default -->
    </groups>
    <test started-at="2021-07-02T14:44:13 IST" name="Default test" finished-at="2021-07-02T14:44:31 IST" duration-ms="17796">
      <class name="testcases.TravelInsuranceDetailsTest">
        <test-method is-config="true" signature="setup()[pri:0, instance:testcases.TravelInsuranceDetailsTest@e077866]" started-at="2021-07-02T14:44:01 IST" name="setup" finished-at="2021-07-02T14:44:13 IST" duration-ms="12292" status="PASS">
          <reporter-output>
          </reporter-output>
        </test-method> <!-- setup -->
        <test-method signature="homePageTitle()[pri:1, instance:testcases.TravelInsuranceDetailsTest@e077866]" started-at="2021-07-02T14:44:13 IST" name="homePageTitle" finished-at="2021-07-02T14:44:15 IST" duration-ms="2121" status="PASS">
          <reporter-output>
          </reporter-output>
        </test-method> <!-- homePageTitle -->
        <test-method is-config="true" signature="flushReports()[pri:0, instance:testcases.TravelInsuranceDetailsTest@e077866]" started-at="2021-07-02T14:44:15 IST" name="flushReports" finished-at="2021-07-02T14:44:15 IST" duration-ms="1" status="PASS">
          <reporter-output>
          </reporter-output>
        </test-method> <!-- flushReports -->
        <test-method signature="checkExcelData(java.lang.String,java.lang.String,java.lang.String,java.lang.String,java.lang.String,java.lang.String)[pri:2, instance:testcases.TravelInsuranceDetailsTest@e077866]" started-at="2021-07-02T14:44:16 IST" name="checkExcelData" data-provider="dp_travelData" finished-at="2021-07-02T14:44:31 IST" duration-ms="14287" status="PASS">
          <params>
            <param index="0">
              <value>
                <![CDATA[Germany]]>
              </value>
            </param>
            <param index="1">
              <value>
                <![CDATA[21]]>
              </value>
            </param>
            <param index="2">
              <value>
                <![CDATA[22]]>
              </value>
            </param>
            <param index="3">
              <value>
                <![CDATA[20-07-2021]]>
              </value>
            </param>
            <param index="4">
              <value>
                <![CDATA[30-07-2021]]>
              </value>
            </param>
            <param index="5">
              <value>
                <![CDATA[9998887776]]>
              </value>
            </param>
          </params>
          <reporter-output>
          </reporter-output>
        </test-method> <!-- checkExcelData -->
        <test-method is-config="true" signature="flushReports()[pri:0, instance:testcases.TravelInsuranceDetailsTest@e077866]" started-at="2021-07-02T14:44:31 IST" name="flushReports" finished-at="2021-07-02T14:44:31 IST" duration-ms="0" status="PASS">
          <reporter-output>
          </reporter-output>
        </test-method> <!-- flushReports -->
      </class> <!-- testcases.TravelInsuranceDetailsTest -->
    </test> <!-- Default test -->
  </suite> <!-- Default suite -->
</testng-results>
